<?xml version="1.0" encoding="UTF-8"?>
<testng-results ignored="0" total="1" passed="1" failed="0" skipped="0">
  <reporter-output>
  </reporter-output>
  <suite started-at="2022-11-17T02:53:54 ICT" name="Command line suite" finished-at="2022-11-17T02:54:12 ICT" duration-ms="17548">
    <groups>
    </groups>
    <test started-at="2022-11-17T02:53:54 ICT" name="Command line test" finished-at="2022-11-17T02:54:12 ICT" duration-ms="17548">
      <class name="tests.LoginTest">
        <test-method is-config="true" signature="setupTest()[pri:0, instance:tests.LoginTest@31e5415e]" started-at="2022-11-17T02:53:54 ICT" name="setupTest" finished-at="2022-11-17T02:54:03 ICT" duration-ms="9242" status="PASS">
          <reporter-output>
          </reporter-output>
        </test-method> <!-- setupTest -->
        <test-method signature="testLogin()[pri:1, instance:tests.LoginTest@31e5415e]" started-at="2022-11-17T02:54:03 ICT" name="testLogin" description="Login check" finished-at="2022-11-17T02:54:11 ICT" duration-ms="8080" status="PASS">
          <reporter-output>
          </reporter-output>
        </test-method> <!-- testLogin -->
        <test-method is-config="true" signature="tearDown()[pri:0, instance:tests.LoginTest@31e5415e]" started-at="2022-11-17T02:54:12 ICT" name="tearDown" finished-at="2022-11-17T02:54:12 ICT" duration-ms="134" status="PASS">
          <reporter-output>
          </reporter-output>
        </test-method> <!-- tearDown -->
      </class> <!-- tests.LoginTest -->
    </test> <!-- Command line test -->
  </suite> <!-- Command line suite -->
</testng-results>
