<?xml version="1.0" encoding="UTF-8"?>
<testng-results ignored="0" total="1" passed="1" failed="0" skipped="0">
  <reporter-output>
  </reporter-output>
  <suite started-at="2023-02-21T23:09:49 ICT" name="tests.LoginTest" finished-at="2023-02-21T23:10:27 ICT" duration-ms="37855">
    <groups>
    </groups>
    <test started-at="2023-02-21T23:09:49 ICT" name="Command line test" finished-at="2023-02-21T23:10:27 ICT" duration-ms="37855">
      <class name="tests.LoginTest">
        <test-method is-config="true" signature="setupTest()[pri:0, instance:tests.LoginTest@212b5695]" started-at="2023-02-21T23:09:49 ICT" name="setupTest" finished-at="2023-02-21T23:10:21 ICT" duration-ms="31930" status="PASS">
          <reporter-output>
          </reporter-output>
        </test-method> <!-- setupTest -->
        <test-method signature="testLogin()[pri:1, instance:tests.LoginTest@212b5695]" started-at="2023-02-21T23:10:21 ICT" name="testLogin" description="Login check" finished-at="2023-02-21T23:10:26 ICT" duration-ms="5433" status="PASS">
          <reporter-output>
          </reporter-output>
        </test-method> <!-- testLogin -->
        <test-method is-config="true" signature="tearDown()[pri:0, instance:tests.LoginTest@212b5695]" started-at="2023-02-21T23:10:26 ICT" name="tearDown" finished-at="2023-02-21T23:10:27 ICT" duration-ms="395" status="PASS">
          <reporter-output>
          </reporter-output>
        </test-method> <!-- tearDown -->
      </class> <!-- tests.LoginTest -->
    </test> <!-- Command line test -->
  </suite> <!-- tests.LoginTest -->
</testng-results>
