<?xml version="1.0" encoding="UTF-8"?>
<!-- Generated by org.testng.reporters.JUnitXMLReporter -->
<testsuite ignored="0" hostname="DESKTOP-FITPC34" failures="0" tests="1" name="Command line test" time="0.171" errors="0" timestamp="2023-02-26T23:27:35 ICT">
  <testcase classname="tests.BaseTest" name="@BeforeClass setupTest" time="0.016">
    <failure type="java.lang.NullPointerException" message="Cannot invoke &amp;quot;drivermanager.BDriverManager.getDriver()&amp;quot; because &amp;quot;bDriverManager&amp;quot; is null">
      <![CDATA[java.lang.NullPointerException: Cannot invoke "drivermanager.BDriverManager.getDriver()" because "bDriverManager" is null
at drivermanager.BDriverFactory.InitDriver(BDriverFactory.java:16)
at pages.BasePage.setDriver(BasePage.java:20)
at tests.BaseTest.setupTest(BaseTest.java:12)
at java.base/java.util.ArrayList.forEach(ArrayList.java:1511)
... Removed 34 stack frames]]>
    </failure>
  </testcase> <!-- @BeforeClass setupTest -->
  <testcase classname="tests.BaseTest" name="@AfterClass tearDown" time="0.0">
    <skipped/>
  </testcase> <!-- @AfterClass tearDown -->
  <testcase classname="tests.LoginTest" name="testLogin" time="0.0">
    <skipped/>
  </testcase> <!-- testLogin -->
</testsuite> <!-- Command line test -->
